\BOOKMARK [1][-]{section.1}{\376\377\000E\000x\000e\000c\000u\000t\000i\000v\000e\000\040\000S\000u\000m\000m\000a\000r\000y}{}% 1
\BOOKMARK [1][-]{section.2}{\376\377\000P\000r\000o\000b\000l\000e\000m\000\040\000S\000t\000a\000t\000e\000m\000e\000n\000t}{}% 2
\BOOKMARK [2][-]{subsection.2.1}{\376\377\000C\000u\000r\000r\000e\000n\000t\000\040\000C\000h\000a\000l\000l\000e\000n\000g\000e\000s\000\040\000i\000n\000\040\000I\000n\000d\000i\000a}{section.2}% 3
\BOOKMARK [2][-]{subsection.2.2}{\376\377\000U\000r\000b\000a\000n\000\040\000I\000n\000f\000r\000a\000s\000t\000r\000u\000c\000t\000u\000r\000e\000\040\000P\000r\000e\000s\000s\000u\000r\000e}{section.2}% 4
\BOOKMARK [1][-]{section.3}{\376\377\000M\000a\000r\000k\000e\000t\000\040\000A\000n\000a\000l\000y\000s\000i\000s\000\040\000-\000\040\000I\000n\000d\000i\000a\000\040\000F\000o\000c\000u\000s}{}% 5
\BOOKMARK [2][-]{subsection.3.1}{\376\377\000M\000a\000r\000k\000e\000t\000\040\000S\000i\000z\000e\000\040\000\046\000\040\000O\000p\000p\000o\000r\000t\000u\000n\000i\000t\000y}{section.3}% 6
\BOOKMARK [2][-]{subsection.3.2}{\376\377\000C\000i\000t\000y\000-\000w\000i\000s\000e\000\040\000M\000a\000r\000k\000e\000t\000\040\000S\000e\000g\000m\000e\000n\000t\000a\000t\000i\000o\000n}{section.3}% 7
\BOOKMARK [3][-]{subsubsection.3.2.1}{\376\377\000T\000i\000e\000r\000\040\0001\000\040\000C\000i\000t\000i\000e\000s\000\040\000\050\000P\000o\000p\000u\000l\000a\000t\000i\000o\000n\000\040\000>\000\040\0001\000\040\000M\000i\000l\000l\000i\000o\000n\000\051}{subsection.3.2}% 8
\BOOKMARK [3][-]{subsubsection.3.2.2}{\376\377\000T\000i\000e\000r\000\040\0002\000\040\000\046\000\040\000T\000i\000e\000r\000\040\0003\000\040\000C\000i\000t\000i\000e\000s}{subsection.3.2}% 9
\BOOKMARK [2][-]{subsection.3.3}{\376\377\000S\000t\000a\000t\000e\000-\000w\000i\000s\000e\000\040\000M\000a\000r\000k\000e\000t\000\040\000D\000i\000s\000t\000r\000i\000b\000u\000t\000i\000o\000n}{section.3}% 10
\BOOKMARK [1][-]{section.4}{\376\377\000M\000a\000r\000k\000e\000t\000\040\000D\000e\000m\000a\000n\000d\000\040\000D\000r\000i\000v\000e\000r\000s}{}% 11
\BOOKMARK [2][-]{subsection.4.1}{\376\377\000G\000o\000v\000e\000r\000n\000m\000e\000n\000t\000\040\000I\000n\000i\000t\000i\000a\000t\000i\000v\000e\000s}{section.4}% 12
\BOOKMARK [2][-]{subsection.4.2}{\376\377\000R\000e\000g\000u\000l\000a\000t\000o\000r\000y\000\040\000E\000n\000v\000i\000r\000o\000n\000m\000e\000n\000t}{section.4}% 13
\BOOKMARK [2][-]{subsection.4.3}{\376\377\000E\000c\000o\000n\000o\000m\000i\000c\000\040\000F\000a\000c\000t\000o\000r\000s}{section.4}% 14
\BOOKMARK [1][-]{section.5}{\376\377\000T\000e\000c\000h\000n\000o\000l\000o\000g\000y\000\040\000S\000o\000l\000u\000t\000i\000o\000n}{}% 15
\BOOKMARK [2][-]{subsection.5.1}{\376\377\000S\000y\000s\000t\000e\000m\000\040\000A\000r\000c\000h\000i\000t\000e\000c\000t\000u\000r\000e}{section.5}% 16
\BOOKMARK [2][-]{subsection.5.2}{\376\377\000K\000e\000y\000\040\000F\000e\000a\000t\000u\000r\000e\000s}{section.5}% 17
\BOOKMARK [3][-]{subsubsection.5.2.1}{\376\377\000R\000o\000b\000o\000t\000i\000c\000\040\000C\000l\000e\000a\000n\000i\000n\000g\000\040\000T\000e\000c\000h\000n\000o\000l\000o\000g\000y}{subsection.5.2}% 18
\BOOKMARK [3][-]{subsubsection.5.2.2}{\376\377\000I\000o\000T\000\040\000\046\000\040\000D\000a\000t\000a\000\040\000A\000n\000a\000l\000y\000t\000i\000c\000s}{subsection.5.2}% 19
\BOOKMARK [1][-]{section.6}{\376\377\000B\000u\000s\000i\000n\000e\000s\000s\000\040\000M\000o\000d\000e\000l}{}% 20
\BOOKMARK [2][-]{subsection.6.1}{\376\377\000R\000e\000v\000e\000n\000u\000e\000\040\000S\000t\000r\000e\000a\000m\000s}{section.6}% 21
\BOOKMARK [2][-]{subsection.6.2}{\376\377\000P\000r\000i\000c\000i\000n\000g\000\040\000S\000t\000r\000a\000t\000e\000g\000y}{section.6}% 22
\BOOKMARK [3][-]{subsubsection.6.2.1}{\376\377\000S\000y\000s\000t\000e\000m\000\040\000P\000r\000i\000c\000i\000n\000g}{subsection.6.2}% 23
\BOOKMARK [3][-]{subsubsection.6.2.2}{\376\377\000S\000e\000r\000v\000i\000c\000e\000\040\000C\000o\000n\000t\000r\000a\000c\000t\000\040\000P\000r\000i\000c\000i\000n\000g}{subsection.6.2}% 24
\BOOKMARK [1][-]{section.7}{\376\377\000M\000a\000r\000k\000e\000t\000\040\000E\000n\000t\000r\000y\000\040\000S\000t\000r\000a\000t\000e\000g\000y}{}% 25
\BOOKMARK [2][-]{subsection.7.1}{\376\377\000P\000h\000a\000s\000e\000\040\0001\000:\000\040\000P\000i\000l\000o\000t\000\040\000P\000r\000o\000j\000e\000c\000t\000s\000\040\000\050\0006\000-\0001\0002\000\040\000m\000o\000n\000t\000h\000s\000\051}{section.7}% 26
\BOOKMARK [2][-]{subsection.7.2}{\376\377\000P\000h\000a\000s\000e\000\040\0002\000:\000\040\000S\000t\000a\000t\000e\000-\000L\000e\000v\000e\000l\000\040\000E\000x\000p\000a\000n\000s\000i\000o\000n\000\040\000\050\0001\000-\0002\000\040\000y\000e\000a\000r\000s\000\051}{section.7}% 27
\BOOKMARK [2][-]{subsection.7.3}{\376\377\000P\000h\000a\000s\000e\000\040\0003\000:\000\040\000N\000a\000t\000i\000o\000n\000a\000l\000\040\000R\000o\000l\000l\000o\000u\000t\000\040\000\050\0002\000-\0005\000\040\000y\000e\000a\000r\000s\000\051}{section.7}% 28
\BOOKMARK [1][-]{section.8}{\376\377\000C\000o\000m\000p\000e\000t\000i\000t\000i\000v\000e\000\040\000A\000n\000a\000l\000y\000s\000i\000s}{}% 29
\BOOKMARK [2][-]{subsection.8.1}{\376\377\000C\000u\000r\000r\000e\000n\000t\000\040\000M\000a\000r\000k\000e\000t\000\040\000P\000l\000a\000y\000e\000r\000s}{section.8}% 30
\BOOKMARK [2][-]{subsection.8.2}{\376\377\000C\000o\000m\000p\000e\000t\000i\000t\000i\000v\000e\000\040\000A\000d\000v\000a\000n\000t\000a\000g\000e\000s}{section.8}% 31
\BOOKMARK [1][-]{section.9}{\376\377\000F\000i\000n\000a\000n\000c\000i\000a\000l\000\040\000P\000r\000o\000j\000e\000c\000t\000i\000o\000n\000s}{}% 32
\BOOKMARK [2][-]{subsection.9.1}{\376\377\000R\000e\000v\000e\000n\000u\000e\000\040\000P\000r\000o\000j\000e\000c\000t\000i\000o\000n\000s\000\040\000\050\0005\000-\000Y\000e\000a\000r\000\051}{section.9}% 33
\BOOKMARK [2][-]{subsection.9.2}{\376\377\000I\000n\000v\000e\000s\000t\000m\000e\000n\000t\000\040\000R\000e\000q\000u\000i\000r\000e\000m\000e\000n\000t\000s}{section.9}% 34
\BOOKMARK [1][-]{section.10}{\376\377\000I\000m\000p\000l\000e\000m\000e\000n\000t\000a\000t\000i\000o\000n\000\040\000R\000o\000a\000d\000m\000a\000p}{}% 35
\BOOKMARK [2][-]{subsection.10.1}{\376\377\000D\000e\000v\000e\000l\000o\000p\000m\000e\000n\000t\000\040\000T\000i\000m\000e\000l\000i\000n\000e}{section.10}% 36
\BOOKMARK [2][-]{subsection.10.2}{\376\377\000K\000e\000y\000\040\000S\000u\000c\000c\000e\000s\000s\000\040\000M\000e\000t\000r\000i\000c\000s}{section.10}% 37
\BOOKMARK [1][-]{section.11}{\376\377\000R\000i\000s\000k\000\040\000A\000n\000a\000l\000y\000s\000i\000s}{}% 38
\BOOKMARK [2][-]{subsection.11.1}{\376\377\000M\000a\000r\000k\000e\000t\000\040\000R\000i\000s\000k\000s}{section.11}% 39
\BOOKMARK [2][-]{subsection.11.2}{\376\377\000M\000i\000t\000i\000g\000a\000t\000i\000o\000n\000\040\000S\000t\000r\000a\000t\000e\000g\000i\000e\000s}{section.11}% 40
\BOOKMARK [1][-]{section.12}{\376\377\000M\000a\000c\000h\000i\000n\000e\000\040\000D\000e\000v\000e\000l\000o\000p\000m\000e\000n\000t\000\040\000\046\000\040\000E\000n\000g\000i\000n\000e\000e\000r\000i\000n\000g}{}% 41
\BOOKMARK [2][-]{subsection.12.1}{\376\377\000D\000e\000v\000e\000l\000o\000p\000m\000e\000n\000t\000\040\000A\000p\000p\000r\000o\000a\000c\000h}{section.12}% 42
\BOOKMARK [2][-]{subsection.12.2}{\376\377\000M\000a\000c\000h\000i\000n\000e\000\040\000S\000p\000e\000c\000i\000f\000i\000c\000a\000t\000i\000o\000n\000s}{section.12}% 43
\BOOKMARK [3][-]{subsubsection.12.2.1}{\376\377\000P\000h\000y\000s\000i\000c\000a\000l\000\040\000D\000i\000m\000e\000n\000s\000i\000o\000n\000s}{subsection.12.2}% 44
\BOOKMARK [3][-]{subsubsection.12.2.2}{\376\377\000P\000e\000r\000f\000o\000r\000m\000a\000n\000c\000e\000\040\000S\000p\000e\000c\000i\000f\000i\000c\000a\000t\000i\000o\000n\000s}{subsection.12.2}% 45
\BOOKMARK [2][-]{subsection.12.3}{\376\377\000S\000y\000s\000t\000e\000m\000\040\000C\000o\000m\000p\000o\000n\000e\000n\000t\000s}{section.12}% 46
\BOOKMARK [3][-]{subsubsection.12.3.1}{\376\377\000M\000a\000i\000n\000\040\000A\000s\000s\000e\000m\000b\000l\000y\000\040\000U\000n\000i\000t\000s}{subsection.12.3}% 47
\BOOKMARK [3][-]{subsubsection.12.3.2}{\376\377\000R\000o\000b\000o\000t\000i\000c\000\040\000C\000l\000e\000a\000n\000i\000n\000g\000\040\000T\000o\000o\000l\000s}{subsection.12.3}% 48
\BOOKMARK [1][-]{section.13}{\376\377\000B\000i\000l\000l\000\040\000o\000f\000\040\000M\000a\000t\000e\000r\000i\000a\000l\000s\000\040\000\050\000B\000O\000M\000\051}{}% 49
\BOOKMARK [2][-]{subsection.13.1}{\376\377\000M\000a\000j\000o\000r\000\040\000C\000o\000m\000p\000o\000n\000e\000n\000t\000s}{section.13}% 50
\BOOKMARK [3][-]{subsubsection.13.1.1}{\376\377\000M\000e\000c\000h\000a\000n\000i\000c\000a\000l\000\040\000S\000y\000s\000t\000e\000m\000s}{subsection.13.1}% 51
\BOOKMARK [3][-]{subsubsection.13.1.2}{\376\377\000E\000l\000e\000c\000t\000r\000i\000c\000a\000l\000\040\000\046\000\040\000C\000o\000n\000t\000r\000o\000l\000\040\000S\000y\000s\000t\000e\000m\000s}{subsection.13.1}% 52
\BOOKMARK [3][-]{subsubsection.13.1.3}{\376\377\000S\000e\000n\000s\000o\000r\000s\000\040\000\046\000\040\000I\000n\000s\000t\000r\000u\000m\000e\000n\000t\000a\000t\000i\000o\000n}{subsection.13.1}% 53
\BOOKMARK [3][-]{subsubsection.13.1.4}{\376\377\000P\000o\000w\000e\000r\000\040\000\046\000\040\000M\000o\000b\000i\000l\000i\000t\000y\000\040\000S\000y\000s\000t\000e\000m\000s}{subsection.13.1}% 54
\BOOKMARK [3][-]{subsubsection.13.1.5}{\376\377\000S\000a\000f\000e\000t\000y\000\040\000\046\000\040\000C\000o\000m\000m\000u\000n\000i\000c\000a\000t\000i\000o\000n\000\040\000S\000y\000s\000t\000e\000m\000s}{subsection.13.1}% 55
\BOOKMARK [3][-]{subsubsection.13.1.6}{\376\377\000C\000l\000e\000a\000n\000i\000n\000g\000\040\000T\000o\000o\000l\000s\000\040\000\046\000\040\000A\000t\000t\000a\000c\000h\000m\000e\000n\000t\000s}{subsection.13.1}% 56
\BOOKMARK [2][-]{subsection.13.2}{\376\377\000B\000O\000M\000\040\000S\000u\000m\000m\000a\000r\000y}{section.13}% 57
\BOOKMARK [2][-]{subsection.13.3}{\376\377\000D\000e\000v\000e\000l\000o\000p\000m\000e\000n\000t\000\040\000T\000i\000m\000e\000l\000i\000n\000e}{section.13}% 58
\BOOKMARK [3][-]{subsubsection.13.3.1}{\376\377\000D\000e\000s\000i\000g\000n\000\040\000\046\000\040\000E\000n\000g\000i\000n\000e\000e\000r\000i\000n\000g\000\040\000P\000h\000a\000s\000e\000\040\000\050\0004\000\040\000m\000o\000n\000t\000h\000s\000\051}{subsection.13.3}% 59
\BOOKMARK [3][-]{subsubsection.13.3.2}{\376\377\000M\000a\000n\000u\000f\000a\000c\000t\000u\000r\000i\000n\000g\000\040\000S\000e\000t\000u\000p\000\040\000P\000h\000a\000s\000e\000\040\000\050\0003\000\040\000m\000o\000n\000t\000h\000s\000\051}{subsection.13.3}% 60
\BOOKMARK [3][-]{subsubsection.13.3.3}{\376\377\000T\000e\000s\000t\000i\000n\000g\000\040\000\046\000\040\000V\000a\000l\000i\000d\000a\000t\000i\000o\000n\000\040\000P\000h\000a\000s\000e\000\040\000\050\0002\000\040\000m\000o\000n\000t\000h\000s\000\051}{subsection.13.3}% 61
\BOOKMARK [2][-]{subsection.13.4}{\376\377\000Q\000u\000a\000l\000i\000t\000y\000\040\000A\000s\000s\000u\000r\000a\000n\000c\000e}{section.13}% 62
\BOOKMARK [3][-]{subsubsection.13.4.1}{\376\377\000T\000e\000s\000t\000i\000n\000g\000\040\000P\000r\000o\000t\000o\000c\000o\000l\000s}{subsection.13.4}% 63
\BOOKMARK [3][-]{subsubsection.13.4.2}{\376\377\000C\000e\000r\000t\000i\000f\000i\000c\000a\000t\000i\000o\000n\000\040\000R\000e\000q\000u\000i\000r\000e\000m\000e\000n\000t\000s}{subsection.13.4}% 64
\BOOKMARK [1][-]{section.14}{\376\377\000S\000o\000c\000i\000a\000l\000\040\000I\000m\000p\000a\000c\000t}{}% 65
\BOOKMARK [2][-]{subsection.14.1}{\376\377\000A\000d\000d\000r\000e\000s\000s\000i\000n\000g\000\040\000M\000a\000n\000u\000a\000l\000\040\000S\000c\000a\000v\000e\000n\000g\000i\000n\000g}{section.14}% 66
\BOOKMARK [2][-]{subsection.14.2}{\376\377\000E\000m\000p\000l\000o\000y\000m\000e\000n\000t\000\040\000T\000r\000a\000n\000s\000f\000o\000r\000m\000a\000t\000i\000o\000n}{section.14}% 67
\BOOKMARK [1][-]{section.15}{\376\377\000C\000o\000n\000c\000l\000u\000s\000i\000o\000n}{}% 68
